\BOOKMARK [0][-]{chapter*.1}{序}{}% 1
\BOOKMARK [0][-]{chapter.1}{第1章 C++の概要}{}% 2
\BOOKMARK [0][-]{chapter.2}{第2章 C++の実行}{}% 3
\BOOKMARK [1][-]{section.2.1}{2.1 C++の実行の仕組み }{chapter.2}% 4
\BOOKMARK [1][-]{section.2.2}{2.2 簡単な1つのソースファイルからなるプログラムの実行 }{chapter.2}% 5
\BOOKMARK [2][-]{subsection.2.2.1}{2.2.1 サンプルコード }{section.2.2}% 6
\BOOKMARK [2][-]{subsection.2.2.2}{2.2.2 コンパイル }{section.2.2}% 7
\BOOKMARK [2][-]{subsection.2.2.3}{2.2.3 実行 }{section.2.2}% 8
\BOOKMARK [1][-]{section.2.3}{2.3 GCC: C++コンパイラー }{chapter.2}% 9
\BOOKMARK [2][-]{subsection.2.3.1}{2.3.1 コンパイラーオプション }{section.2.3}% 10
\BOOKMARK [2][-]{subsection.2.3.2}{2.3.2 ヘッダーファイルの省略 }{section.2.3}% 11
\BOOKMARK [2][-]{subsection.2.3.3}{2.3.3 コンパイル済みヘッダー\(precompiled header\) }{section.2.3}% 12
\BOOKMARK [1][-]{section.2.4}{2.4 Make: ビルドシステム }{chapter.2}% 13
\BOOKMARK [2][-]{subsection.2.4.1}{2.4.1 コンパイルと実行のまとめ }{section.2.4}% 14
\BOOKMARK [2][-]{subsection.2.4.2}{2.4.2 依存関係を解決するビルドシステム }{section.2.4}% 15
\BOOKMARK [2][-]{subsection.2.4.3}{2.4.3 依存関係を記述するルール }{section.2.4}% 16
\BOOKMARK [2][-]{subsection.2.4.4}{2.4.4 コメント }{section.2.4}% 17
\BOOKMARK [2][-]{subsection.2.4.5}{2.4.5 変数 }{section.2.4}% 18
\BOOKMARK [2][-]{subsection.2.4.6}{2.4.6 自動変数 }{section.2.4}% 19
\BOOKMARK [2][-]{subsection.2.4.7}{2.4.7 PHONYターゲット }{section.2.4}% 20
\BOOKMARK [1][-]{section.2.5}{2.5 入門用の環境構築 }{chapter.2}% 21
\BOOKMARK [0][-]{chapter.3}{第3章 C++ヒッチハイクガイド}{}% 22
\BOOKMARK [1][-]{section.3.1}{3.1 最小のコード }{chapter.3}% 23
\BOOKMARK [1][-]{section.3.2}{3.2 標準出力 }{chapter.3}% 24
\BOOKMARK [1][-]{section.3.3}{3.3 文字列 }{chapter.3}% 25
\BOOKMARK [1][-]{section.3.4}{3.4 整数と浮動小数点数 }{chapter.3}% 26
\BOOKMARK [1][-]{section.3.5}{3.5 変数\(variable\) }{chapter.3}% 27
\BOOKMARK [1][-]{section.3.6}{3.6 関数\(function\) }{chapter.3}% 28
\BOOKMARK [1][-]{section.3.7}{3.7 本当の関数 }{chapter.3}% 29
\BOOKMARK [0][-]{chapter.4}{第4章 デバッグ：コンパイルエラーメッセージの読み方}{}% 30
\BOOKMARK [1][-]{section.4.1}{4.1 文法エラー }{chapter.4}% 31
\BOOKMARK [1][-]{section.4.2}{4.2 意味エラー }{chapter.4}% 32
\BOOKMARK [1][-]{section.4.3}{4.3 コンパイラーのバグ }{chapter.4}% 33
\BOOKMARK [0][-]{chapter.5}{第5章 条件分岐の果てのレストラン}{}% 34
\BOOKMARK [1][-]{section.5.1}{5.1 複合文 }{chapter.5}% 35
\BOOKMARK [1][-]{section.5.2}{5.2 条件分岐 }{chapter.5}% 36
\BOOKMARK [1][-]{section.5.3}{5.3 条件式 }{chapter.5}% 37
\BOOKMARK [2][-]{subsection.5.3.1}{5.3.1 条件とは何だろう }{section.5.3}% 38
\BOOKMARK [1][-]{section.5.4}{5.4 bool型 }{chapter.5}% 39
\BOOKMARK [1][-]{section.5.5}{5.5 bool型の演算 }{chapter.5}% 40
\BOOKMARK [2][-]{subsection.5.5.1}{5.5.1 論理否定: operator ! }{section.5.5}% 41
\BOOKMARK [2][-]{subsection.5.5.2}{5.5.2 同値比較: operator ==, != }{section.5.5}% 42
\BOOKMARK [2][-]{subsection.5.5.3}{5.5.3 論理積: operator \046\046 }{section.5.5}% 43
\BOOKMARK [2][-]{subsection.5.5.4}{5.5.4 論理和: operator || }{section.5.5}% 44
\BOOKMARK [2][-]{subsection.5.5.5}{5.5.5 短絡評価 }{section.5.5}% 45
\BOOKMARK [1][-]{section.5.6}{5.6 boolの変換 }{chapter.5}% 46
\BOOKMARK [0][-]{chapter.6}{第6章 デバッグ：コンパイル警告メッセージ}{}% 47
\BOOKMARK [0][-]{chapter.7}{第7章 最近体重が気になるあなたのための標準入力}{}% 48
\BOOKMARK [1][-]{section.7.1}{7.1 これまでのおさらい }{chapter.7}% 49
\BOOKMARK [1][-]{section.7.2}{7.2 標準入力 }{chapter.7}% 50
\BOOKMARK [1][-]{section.7.3}{7.3 リダイレクト }{chapter.7}% 51
\BOOKMARK [1][-]{section.7.4}{7.4 パイプ }{chapter.7}% 52
\BOOKMARK [1][-]{section.7.5}{7.5 プログラムの組み合わせ }{chapter.7}% 53
\BOOKMARK [0][-]{chapter.8}{第8章 ループ}{}% 54
\BOOKMARK [1][-]{section.8.1}{8.1 これまでのおさらい }{chapter.8}% 55
\BOOKMARK [1][-]{section.8.2}{8.2 goto文 }{chapter.8}% 56
\BOOKMARK [2][-]{subsection.8.2.1}{8.2.1 無限ループ }{section.8.2}% 57
\BOOKMARK [2][-]{subsection.8.2.2}{8.2.2 終了条件付きループ }{section.8.2}% 58
\BOOKMARK [2][-]{subsection.8.2.3}{8.2.3 インデックスループ }{section.8.2}% 59
\BOOKMARK [1][-]{section.8.3}{8.3 while文 }{chapter.8}% 60
\BOOKMARK [2][-]{subsection.8.3.1}{8.3.1 無限ループ }{section.8.3}% 61
\BOOKMARK [2][-]{subsection.8.3.2}{8.3.2 終了条件付きループ }{section.8.3}% 62
\BOOKMARK [2][-]{subsection.8.3.3}{8.3.3 インデックスループ }{section.8.3}% 63
\BOOKMARK [1][-]{section.8.4}{8.4 for文 }{chapter.8}% 64
\BOOKMARK [1][-]{section.8.5}{8.5 do文 }{chapter.8}% 65
\BOOKMARK [1][-]{section.8.6}{8.6 break文 }{chapter.8}% 66
\BOOKMARK [1][-]{section.8.7}{8.7 continue文 }{chapter.8}% 67
\BOOKMARK [1][-]{section.8.8}{8.8 再帰関数 }{chapter.8}% 68
\BOOKMARK [0][-]{chapter.9}{第9章 メモリーを無限に確保する}{}% 69
\BOOKMARK [1][-]{section.9.1}{9.1 これまでのまとめ }{chapter.9}% 70
\BOOKMARK [1][-]{section.9.2}{9.2 vector }{chapter.9}% 71
\BOOKMARK [0][-]{chapter.10}{第10章 デバッグ：printfデバッグ}{}% 72
\BOOKMARK [1][-]{section.10.1}{10.1 実践例 }{chapter.10}% 73
\BOOKMARK [1][-]{section.10.2}{10.2 std::cerr }{chapter.10}% 74
\BOOKMARK [1][-]{section.10.3}{10.3 まとめ }{chapter.10}% 75
\BOOKMARK [0][-]{chapter.11}{第11章 整数}{}% 76
\BOOKMARK [1][-]{section.11.1}{11.1 整数リテラル }{chapter.11}% 77
\BOOKMARK [2][-]{subsection.11.1.1}{11.1.1 10進数リテラル }{section.11.1}% 78
\BOOKMARK [2][-]{subsection.11.1.2}{11.1.2 2進数リテラル }{section.11.1}% 79
\BOOKMARK [2][-]{subsection.11.1.3}{11.1.3 8進数リテラル }{section.11.1}% 80
\BOOKMARK [2][-]{subsection.11.1.4}{11.1.4 16進数リテラル }{section.11.1}% 81
\BOOKMARK [2][-]{subsection.11.1.5}{11.1.5 数値区切り }{section.11.1}% 82
\BOOKMARK [1][-]{section.11.2}{11.2 整数の仕組み }{chapter.11}% 83
\BOOKMARK [2][-]{subsection.11.2.1}{11.2.1 情報の単位 }{section.11.2}% 84
\BOOKMARK [2][-]{subsection.11.2.2}{11.2.2 1バイトで表現された整数 }{section.11.2}% 85
\BOOKMARK [1][-]{section.11.3}{11.3 整数型 }{chapter.11}% 86
\BOOKMARK [2][-]{subsection.11.3.1}{11.3.1 int型 }{section.11.3}% 87
\BOOKMARK [2][-]{subsection.11.3.2}{11.3.2 long int型 }{section.11.3}% 88
\BOOKMARK [2][-]{subsection.11.3.3}{11.3.3 long long int型 }{section.11.3}% 89
\BOOKMARK [2][-]{subsection.11.3.4}{11.3.4 short int型 }{section.11.3}% 90
\BOOKMARK [2][-]{subsection.11.3.5}{11.3.5 char型 }{section.11.3}% 91
\BOOKMARK [1][-]{section.11.4}{11.4 整数型のサイズ }{chapter.11}% 92
\BOOKMARK [1][-]{section.11.5}{11.5 整数型の表現できる値の範囲 }{chapter.11}% 93
\BOOKMARK [1][-]{section.11.6}{11.6 整数型の変換 }{chapter.11}% 94
\BOOKMARK [0][-]{chapter.12}{第12章 浮動小数点数}{}% 95
\BOOKMARK [1][-]{section.12.1}{12.1 浮動小数点数リテラル }{chapter.12}% 96
\BOOKMARK [2][-]{subsection.12.1.1}{12.1.1 10進浮動小数点数リテラル }{section.12.1}% 97
\BOOKMARK [2][-]{subsection.12.1.2}{12.1.2 10進数の仮数と指数による表記 }{section.12.1}% 98
\BOOKMARK [2][-]{subsection.12.1.3}{12.1.3 16進数の仮数と指数による表記 }{section.12.1}% 99
\BOOKMARK [1][-]{section.12.2}{12.2 浮動小数点数の表現と特性 }{chapter.12}% 100
\BOOKMARK [2][-]{subsection.12.2.1}{12.2.1 +0.0と-0.0 }{section.12.2}% 101
\BOOKMARK [2][-]{subsection.12.2.2}{12.2.2 +と-\(無限大\) }{section.12.2}% 102
\BOOKMARK [2][-]{subsection.12.2.3}{12.2.3 NaN\(Not a Number\) }{section.12.2}% 103
\BOOKMARK [2][-]{subsection.12.2.4}{12.2.4 有効桁数 }{section.12.2}% 104
\BOOKMARK [1][-]{section.12.3}{12.3 浮動小数点数同士の変換 }{chapter.12}% 105
\BOOKMARK [1][-]{section.12.4}{12.4 浮動小数点数と整数の変換 }{chapter.12}% 106
\BOOKMARK [0][-]{chapter.13}{第13章 名前}{}% 107
\BOOKMARK [1][-]{section.13.1}{13.1 キーワード }{chapter.13}% 108
\BOOKMARK [1][-]{section.13.2}{13.2 名前に使える文字 }{chapter.13}% 109
\BOOKMARK [1][-]{section.13.3}{13.3 宣言と定義 }{chapter.13}% 110
\BOOKMARK [1][-]{section.13.4}{13.4 名前空間 }{chapter.13}% 111
\BOOKMARK [2][-]{subsection.13.4.1}{13.4.1 グローバル名前空間 }{section.13.4}% 112
\BOOKMARK [2][-]{subsection.13.4.2}{13.4.2 名前空間のネスト }{section.13.4}% 113
\BOOKMARK [2][-]{subsection.13.4.3}{13.4.3 名前空間名の別名を宣言する名前空間エイリアス }{section.13.4}% 114
\BOOKMARK [2][-]{subsection.13.4.4}{13.4.4 名前空間名の指定を省略するusingディレクティブ }{section.13.4}% 115
\BOOKMARK [2][-]{subsection.13.4.5}{13.4.5 名前空間を指定しなくてもよいinline名前空間 }{section.13.4}% 116
\BOOKMARK [1][-]{section.13.5}{13.5 型名 }{chapter.13}% 117
\BOOKMARK [2][-]{subsection.13.5.1}{13.5.1 型名の別名を宣言するエイリアス宣言 }{section.13.5}% 118
\BOOKMARK [1][-]{section.13.6}{13.6 スコープ }{chapter.13}% 119
\BOOKMARK [0][-]{chapter.14}{第14章 イテレーターの基礎}{}% 120
\BOOKMARK [1][-]{section.14.1}{14.1 イテレーターの取得方法 }{chapter.14}% 121
\BOOKMARK [1][-]{section.14.2}{14.2 イテレーターの参照する要素に対する読み書き }{chapter.14}% 122
\BOOKMARK [1][-]{section.14.3}{14.3 イテレーターの参照する要素を変更 }{chapter.14}% 123
\BOOKMARK [1][-]{section.14.4}{14.4 イテレーターの比較 }{chapter.14}% 124
\BOOKMARK [1][-]{section.14.5}{14.5 最後の次の要素へのイテレーター }{chapter.14}% 125
\BOOKMARK [1][-]{section.14.6}{14.6 なんでもイテレーター }{chapter.14}% 126
\BOOKMARK [1][-]{section.14.7}{14.7 イテレーターと添字の範囲 }{chapter.14}% 127
\BOOKMARK [0][-]{chapter.15}{第15章 lvalueリファレンスとconst}{}% 128
\BOOKMARK [1][-]{section.15.1}{15.1 lvalueリファレンス }{chapter.15}% 129
\BOOKMARK [1][-]{section.15.2}{15.2 const }{chapter.15}% 130
\BOOKMARK [0][-]{chapter.16}{第16章 アルゴリズム}{}% 131
\BOOKMARK [1][-]{section.16.1}{16.1 for\137each }{chapter.16}% 132
\BOOKMARK [1][-]{section.16.2}{16.2 all\137of/any\137of/none\137of }{chapter.16}% 133
\BOOKMARK [1][-]{section.16.3}{16.3 find/find\137if }{chapter.16}% 134
\BOOKMARK [1][-]{section.16.4}{16.4 count/count\137if }{chapter.16}% 135
\BOOKMARK [1][-]{section.16.5}{16.5 equal }{chapter.16}% 136
\BOOKMARK [1][-]{section.16.6}{16.6 search }{chapter.16}% 137
\BOOKMARK [1][-]{section.16.7}{16.7 copy }{chapter.16}% 138
\BOOKMARK [1][-]{section.16.8}{16.8 transform }{chapter.16}% 139
\BOOKMARK [1][-]{section.16.9}{16.9 replace }{chapter.16}% 140
\BOOKMARK [1][-]{section.16.10}{16.10 fill }{chapter.16}% 141
\BOOKMARK [1][-]{section.16.11}{16.11 generate }{chapter.16}% 142
\BOOKMARK [1][-]{section.16.12}{16.12 remove }{chapter.16}% 143
\BOOKMARK [0][-]{chapter.17}{第17章 ラムダ式}{}% 144
\BOOKMARK [1][-]{section.17.1}{17.1 基本 }{chapter.17}% 145
\BOOKMARK [1][-]{section.17.2}{17.2 キャプチャー }{chapter.17}% 146
\BOOKMARK [2][-]{subsection.17.2.1}{17.2.1 コピーキャプチャー }{section.17.2}% 147
\BOOKMARK [2][-]{subsection.17.2.2}{17.2.2 リファレンスキャプチャー }{section.17.2}% 148
\BOOKMARK [0][-]{chapter.18}{第18章 クラスの基本}{}% 149
\BOOKMARK [1][-]{section.18.1}{18.1 変数をまとめる }{chapter.18}% 150
\BOOKMARK [1][-]{section.18.2}{18.2 まとめた変数に関数を提供する }{chapter.18}% 151
\BOOKMARK [0][-]{chapter.19}{第19章 より自然に振る舞うクラス}{}% 152
\BOOKMARK [1][-]{section.19.1}{19.1 より自然な初期化 }{chapter.19}% 153
\BOOKMARK [1][-]{section.19.2}{19.2 自然な演算子 }{chapter.19}% 154
\BOOKMARK [1][-]{section.19.3}{19.3 演算子のオーバーロード }{chapter.19}% 155
\BOOKMARK [2][-]{subsection.19.3.1}{19.3.1 二項演算子 }{section.19.3}% 156
\BOOKMARK [2][-]{subsection.19.3.2}{19.3.2 単項演算子 }{section.19.3}% 157
\BOOKMARK [2][-]{subsection.19.3.3}{19.3.3 インクリメント/デクリメント }{section.19.3}% 158
\BOOKMARK [2][-]{subsection.19.3.4}{19.3.4 メンバー関数での演算子のオーバーロード }{section.19.3}% 159
\BOOKMARK [0][-]{chapter.20}{第20章 std::array}{}% 160
\BOOKMARK [0][-]{chapter.21}{第21章 プログラマーの三大美徳}{}% 161
\BOOKMARK [0][-]{chapter.22}{第22章 配列}{}% 162
\BOOKMARK [1][-]{section.22.1}{22.1 ナイーブなarray実装 }{chapter.22}% 163
\BOOKMARK [1][-]{section.22.2}{22.2 配列 }{chapter.22}% 164
\BOOKMARK [0][-]{chapter.23}{第23章 テンプレート}{}% 165
\BOOKMARK [1][-]{section.23.1}{23.1 問題点 }{chapter.23}% 166
\BOOKMARK [1][-]{section.23.2}{23.2 関数の引数 }{chapter.23}% 167
\BOOKMARK [1][-]{section.23.3}{23.3 関数のテンプレート引数 }{chapter.23}% 168
\BOOKMARK [1][-]{section.23.4}{23.4 テンプレート }{chapter.23}% 169
\BOOKMARK [1][-]{section.23.5}{23.5 クラステンプレート }{chapter.23}% 170
\BOOKMARK [0][-]{chapter.24}{第24章 arrayをさらに実装}{}% 171
\BOOKMARK [1][-]{section.24.1}{24.1 ネストされた型名 }{chapter.24}% 172
\BOOKMARK [1][-]{section.24.2}{24.2 要素数の取得: size\(\) }{chapter.24}% 173
\BOOKMARK [1][-]{section.24.3}{24.3 メンバー関数のconst修飾 }{chapter.24}% 174
\BOOKMARK [1][-]{section.24.4}{24.4 先頭と末尾の要素：front/back }{chapter.24}% 175
\BOOKMARK [1][-]{section.24.5}{24.5 全要素に値を代入: fill }{chapter.24}% 176
\BOOKMARK [0][-]{chapter.25}{第25章 arrayのイテレーター}{}% 177
\BOOKMARK [1][-]{section.25.1}{25.1 イテレーターの中身 }{chapter.25}% 178
\BOOKMARK [1][-]{section.25.2}{25.2 残りのイテレーターの実装 }{chapter.25}% 179
\BOOKMARK [1][-]{section.25.3}{25.3 constなイテレーター: const\137iterator }{chapter.25}% 180
\BOOKMARK [0][-]{chapter.26}{第26章 傲慢なエラー処理：例外}{}% 181
\BOOKMARK [1][-]{section.26.1}{26.1 例外を投げる }{chapter.26}% 182
\BOOKMARK [1][-]{section.26.2}{26.2 例外を捕まえる }{chapter.26}% 183
\BOOKMARK [1][-]{section.26.3}{26.3 例外による巻き戻し }{chapter.26}% 184
\BOOKMARK [0][-]{chapter.27}{第27章 ポインター}{}% 185
\BOOKMARK [1][-]{section.27.1}{27.1 意味上のポインター }{chapter.27}% 186
\BOOKMARK [2][-]{subsection.27.1.1}{27.1.1 リファレンスと同じ機能 }{section.27.1}% 187
\BOOKMARK [2][-]{subsection.27.1.2}{27.1.2 リファレンスと違う機能 }{section.27.1}% 188
\BOOKMARK [2][-]{subsection.27.1.3}{27.1.3 代入 }{section.27.1}% 189
\BOOKMARK [2][-]{subsection.27.1.4}{27.1.4 何も参照しない状態 }{section.27.1}% 190
\BOOKMARK [2][-]{subsection.27.1.5}{27.1.5 明示的に何も参照しないポインター: nullptr }{section.27.1}% 191
\BOOKMARK [2][-]{subsection.27.1.6}{27.1.6 無効な参照先の作り方 }{section.27.1}% 192
\BOOKMARK [1][-]{section.27.2}{27.2 文法上のポインター }{chapter.27}% 193
\BOOKMARK [2][-]{subsection.27.2.1}{27.2.1 ポインターとconstの関係 }{section.27.2}% 194
\BOOKMARK [2][-]{subsection.27.2.2}{27.2.2 ポインターのポインター }{section.27.2}% 195
\BOOKMARK [2][-]{subsection.27.2.3}{27.2.3 関数へのポインター }{section.27.2}% 196
\BOOKMARK [2][-]{subsection.27.2.4}{27.2.4 配列へのポインター }{section.27.2}% 197
\BOOKMARK [2][-]{subsection.27.2.5}{27.2.5 ポインター型の作り方 }{section.27.2}% 198
\BOOKMARK [2][-]{subsection.27.2.6}{27.2.6 クラスへのポインター }{section.27.2}% 199
\BOOKMARK [2][-]{subsection.27.2.7}{27.2.7 thisポインター }{section.27.2}% 200
\BOOKMARK [2][-]{subsection.27.2.8}{27.2.8 メンバーへのポインター }{section.27.2}% 201
\BOOKMARK [1][-]{section.27.3}{27.3 ポインターの内部実装 }{chapter.27}% 202
\BOOKMARK [2][-]{subsection.27.3.1}{27.3.1 キロバイトとキビバイト }{section.27.3}% 203
\BOOKMARK [2][-]{subsection.27.3.2}{27.3.2 メモリーとアドレス }{section.27.3}% 204
\BOOKMARK [2][-]{subsection.27.3.3}{27.3.3 ポインターのサイズ }{section.27.3}% 205
\BOOKMARK [2][-]{subsection.27.3.4}{27.3.4 ポインターの値 }{section.27.3}% 206
\BOOKMARK [2][-]{subsection.27.3.5}{27.3.5 std::bit\137castの実装 }{section.27.3}% 207
\BOOKMARK [2][-]{subsection.27.3.6}{27.3.6 std::memcpyの実装 }{section.27.3}% 208
\BOOKMARK [2][-]{subsection.27.3.7}{27.3.7 データメンバーへのポインターの内部実装 }{section.27.3}% 209
\BOOKMARK [0][-]{chapter.28}{第28章 イテレーター詳細}{}% 210
\BOOKMARK [1][-]{section.28.1}{28.1 イテレーターとポインターの関係 }{chapter.28}% 211
\BOOKMARK [1][-]{section.28.2}{28.2 イテレーターカテゴリー }{chapter.28}% 212
\BOOKMARK [2][-]{subsection.28.2.1}{28.2.1 ランダムアクセスイテレーター }{section.28.2}% 213
\BOOKMARK [2][-]{subsection.28.2.2}{28.2.2 双方向イテレーター }{section.28.2}% 214
\BOOKMARK [2][-]{subsection.28.2.3}{28.2.3 前方イテレーター }{section.28.2}% 215
\BOOKMARK [2][-]{subsection.28.2.4}{28.2.4 入力イテレーター }{section.28.2}% 216
\BOOKMARK [2][-]{subsection.28.2.5}{28.2.5 出力イテレーター }{section.28.2}% 217
\BOOKMARK [1][-]{section.28.3}{28.3 iterator\137traits }{chapter.28}% 218
\BOOKMARK [1][-]{section.28.4}{28.4 イテレーターカテゴリーの実例 }{chapter.28}% 219
\BOOKMARK [2][-]{subsection.28.4.1}{28.4.1 出力イテレーター }{section.28.4}% 220
\BOOKMARK [2][-]{subsection.28.4.2}{28.4.2 入力イテレーター }{section.28.4}% 221
\BOOKMARK [2][-]{subsection.28.4.3}{28.4.3 前方イテレーター }{section.28.4}% 222
\BOOKMARK [2][-]{subsection.28.4.4}{28.4.4 双方向イテレーター }{section.28.4}% 223
\BOOKMARK [2][-]{subsection.28.4.5}{28.4.5 ランダムアクセスイテレーター }{section.28.4}% 224
\BOOKMARK [1][-]{section.28.5}{28.5 イテレーター操作 }{chapter.28}% 225
\BOOKMARK [2][-]{subsection.28.5.1}{28.5.1 advance\( i, n \): n移動する }{section.28.5}% 226
\BOOKMARK [2][-]{subsection.28.5.2}{28.5.2 distance\(first, last\): firstからlastまでの距離 }{section.28.5}% 227
\BOOKMARK [2][-]{subsection.28.5.3}{28.5.3 next/prev : 移動したイテレーターを返す }{section.28.5}% 228
\BOOKMARK [1][-]{section.28.6}{28.6 リバースイテレーター }{chapter.28}% 229
\BOOKMARK [0][-]{chapter.29}{第29章 動的メモリー確保}{}% 230
\BOOKMARK [1][-]{section.29.1}{29.1 概要 }{chapter.29}% 231
\BOOKMARK [1][-]{section.29.2}{29.2 malloc/free }{chapter.29}% 232
\BOOKMARK [1][-]{section.29.3}{29.3 operator new/operator delete }{chapter.29}% 233
\BOOKMARK [1][-]{section.29.4}{29.4 生のバイト列を基本的な型の値として使う方法 }{chapter.29}% 234
\BOOKMARK [1][-]{section.29.5}{29.5 メモリー確保の失敗 }{chapter.29}% 235
\BOOKMARK [1][-]{section.29.6}{29.6 クラス型の値の構築 }{chapter.29}% 236
\BOOKMARK [1][-]{section.29.7}{29.7 new/delete }{chapter.29}% 237
\BOOKMARK [1][-]{section.29.8}{29.8 配列版new/delete }{chapter.29}% 238
\BOOKMARK [1][-]{section.29.9}{29.9 スマートポインター }{chapter.29}% 239
\BOOKMARK [0][-]{chapter.30}{第30章 vectorの実装：基礎}{}% 240
\BOOKMARK [1][-]{section.30.1}{30.1 std::allocator<T>の概要 }{chapter.30}% 241
\BOOKMARK [1][-]{section.30.2}{30.2 std::allocator<T>の使い方 }{chapter.30}% 242
\BOOKMARK [1][-]{section.30.3}{30.3 std::allocator\137traits<Alloc> }{chapter.30}% 243
\BOOKMARK [1][-]{section.30.4}{30.4 簡易vectorの概要 }{chapter.30}% 244
\BOOKMARK [1][-]{section.30.5}{30.5 classとアクセス指定 }{chapter.30}% 245
\BOOKMARK [1][-]{section.30.6}{30.6 ネストされた型名 }{chapter.30}% 246
\BOOKMARK [1][-]{section.30.7}{30.7 簡易vectorのデータメンバー }{chapter.30}% 247
\BOOKMARK [1][-]{section.30.8}{30.8 簡単なメンバー関数の実装 }{chapter.30}% 248
\BOOKMARK [2][-]{subsection.30.8.1}{30.8.1 イテレーター }{section.30.8}% 249
\BOOKMARK [2][-]{subsection.30.8.2}{30.8.2 容量確認 }{section.30.8}% 250
\BOOKMARK [2][-]{subsection.30.8.3}{30.8.3 要素アクセス }{section.30.8}% 251
\BOOKMARK [0][-]{chapter.31}{第31章 vectorの実装：メモリー確保}{}% 252
\BOOKMARK [1][-]{section.31.1}{31.1 メモリー確保と解放の起こるタイミング }{chapter.31}% 253
\BOOKMARK [1][-]{section.31.2}{31.2 デフォルトコンストラクター }{chapter.31}% 254
\BOOKMARK [1][-]{section.31.3}{31.3 アロケーターを取るコンストラクター }{chapter.31}% 255
\BOOKMARK [1][-]{section.31.4}{31.4 要素数と初期値を取るコンストラクターの実装 }{chapter.31}% 256
\BOOKMARK [1][-]{section.31.5}{31.5 ヘルパー関数 }{chapter.31}% 257
\BOOKMARK [2][-]{subsection.31.5.1}{31.5.1 ネストされた型名traits }{section.31.5}% 258
\BOOKMARK [2][-]{subsection.31.5.2}{31.5.2 allocate/deallocate }{section.31.5}% 259
\BOOKMARK [2][-]{subsection.31.5.3}{31.5.3 construct/destroy }{section.31.5}% 260
\BOOKMARK [2][-]{subsection.31.5.4}{31.5.4 destroy\137until }{section.31.5}% 261
\BOOKMARK [1][-]{section.31.6}{31.6 clear }{chapter.31}% 262
\BOOKMARK [1][-]{section.31.7}{31.7 デストラクター }{chapter.31}% 263
\BOOKMARK [1][-]{section.31.8}{31.8 reserveの実装 }{chapter.31}% 264
\BOOKMARK [1][-]{section.31.9}{31.9 resize }{chapter.31}% 265
\BOOKMARK [1][-]{section.31.10}{31.10 push\137back }{chapter.31}% 266
\BOOKMARK [2][-]{subsection.31.10.1}{31.10.1 shrink\137to\137fit }{section.31.10}% 267
\BOOKMARK [1][-]{section.31.11}{31.11 vectorのその他のコンストラクター }{chapter.31}% 268
\BOOKMARK [2][-]{subsection.31.11.1}{31.11.1 イテレーターのペア }{section.31.11}% 269
\BOOKMARK [2][-]{subsection.31.11.2}{31.11.2 初期化リスト }{section.31.11}% 270
\BOOKMARK [0][-]{chapter.32}{第32章 コピー}{}% 271
\BOOKMARK [1][-]{section.32.1}{32.1 普通のコピー }{chapter.32}% 272
\BOOKMARK [1][-]{section.32.2}{32.2 コピーコンストラクター }{chapter.32}% 273
\BOOKMARK [1][-]{section.32.3}{32.3 コピー代入演算子 }{chapter.32}% 274
\BOOKMARK [1][-]{section.32.4}{32.4 コピーの挙動 }{chapter.32}% 275
\BOOKMARK [1][-]{section.32.5}{32.5 所有するクラス }{chapter.32}% 276
\BOOKMARK [1][-]{section.32.6}{32.6 own<U>からown<T>への変換 }{chapter.32}% 277
\BOOKMARK [1][-]{section.32.7}{32.7 もう少し複雑な所有するクラス }{chapter.32}% 278
\BOOKMARK [1][-]{section.32.8}{32.8 vectorのコピー }{chapter.32}% 279
\BOOKMARK [2][-]{subsection.32.8.1}{32.8.1 コピーコンストラクター }{section.32.8}% 280
\BOOKMARK [2][-]{subsection.32.8.2}{32.8.2 コピー代入演算子 }{section.32.8}% 281
\BOOKMARK [0][-]{chapter.33}{第33章 ムーブ}{}% 282
\BOOKMARK [1][-]{section.33.1}{33.1 ムーブの使い方 }{chapter.33}% 283
\BOOKMARK [1][-]{section.33.2}{33.2 ムーブの中身 }{chapter.33}% 284
\BOOKMARK [0][-]{chapter.34}{第34章 rvalueリファレンス}{}% 285
\BOOKMARK [1][-]{section.34.1}{34.1 概要 }{chapter.34}% 286
\BOOKMARK [1][-]{section.34.2}{34.2 rvalueリファレンスの宣言 }{chapter.34}% 287
\BOOKMARK [1][-]{section.34.3}{34.3 値カテゴリー }{chapter.34}% 288
\BOOKMARK [2][-]{subsection.34.3.1}{34.3.1 lvalue }{section.34.3}% 289
\BOOKMARK [2][-]{subsection.34.3.2}{34.3.2 prvalue }{section.34.3}% 290
\BOOKMARK [2][-]{subsection.34.3.3}{34.3.3 xvalue }{section.34.3}% 291
\BOOKMARK [2][-]{subsection.34.3.4}{34.3.4 rvalue }{section.34.3}% 292
\BOOKMARK [2][-]{subsection.34.3.5}{34.3.5 glvalue }{section.34.3}% 293
\BOOKMARK [1][-]{section.34.4}{34.4 rvalueリファレンスのライブラリ }{chapter.34}% 294
\BOOKMARK [2][-]{subsection.34.4.1}{34.4.1 std::move }{section.34.4}% 295
\BOOKMARK [2][-]{subsection.34.4.2}{34.4.2 std::moveの実装 }{section.34.4}% 296
\BOOKMARK [2][-]{subsection.34.4.3}{34.4.3 フォワーディングリファレンス }{section.34.4}% 297
\BOOKMARK [2][-]{subsection.34.4.4}{34.4.4 std::remove\137reference\137t }{section.34.4}% 298
\BOOKMARK [2][-]{subsection.34.4.5}{34.4.5 std::moveの正しい実装 }{section.34.4}% 299
\BOOKMARK [2][-]{subsection.34.4.6}{34.4.6 std::forward }{section.34.4}% 300
\BOOKMARK [0][-]{chapter.35}{第35章 ムーブの実装}{}% 301
\BOOKMARK [1][-]{section.35.1}{35.1 コピーとムーブの判別 }{chapter.35}% 302
\BOOKMARK [1][-]{section.35.2}{35.2 ムーブの実装 }{chapter.35}% 303
\BOOKMARK [2][-]{subsection.35.2.1}{35.2.1 ムーブコンストラクター }{section.35.2}% 304
\BOOKMARK [2][-]{subsection.35.2.2}{35.2.2 ムーブ代入演算子 }{section.35.2}% 305
\BOOKMARK [1][-]{section.35.3}{35.3 デフォルトのムーブ }{chapter.35}% 306
\BOOKMARK [1][-]{section.35.4}{35.4 コピーの禁止 }{chapter.35}% 307
\BOOKMARK [1][-]{section.35.5}{35.5 5原則 }{chapter.35}% 308
\BOOKMARK [0][-]{chapter.36}{第36章 スマートポインター}{}% 309
\BOOKMARK [1][-]{section.36.1}{36.1 unique\137ptr }{chapter.36}% 310
\BOOKMARK [1][-]{section.36.2}{36.2 shared\137ptr }{chapter.36}% 311
\BOOKMARK [0][-]{chapter.37}{第37章 自作の数値クラスで演算をムーブに対応する方法}{}% 312
\BOOKMARK [1][-]{section.37.1}{37.1 基本の実装 }{chapter.37}% 313
\BOOKMARK [1][-]{section.37.2}{37.2 複合代入演算子 }{chapter.37}% 314
\BOOKMARK [1][-]{section.37.3}{37.3 単項演算子 }{chapter.37}% 315
\BOOKMARK [1][-]{section.37.4}{37.4 二項演算子 }{chapter.37}% 316
\BOOKMARK [2][-]{subsection.37.4.1}{37.4.1 ムーブしない実装 }{section.37.4}% 317
\BOOKMARK [2][-]{subsection.37.4.2}{37.4.2 ムーブをしたくなる状況 }{section.37.4}% 318
\BOOKMARK [0][-]{chapter.38}{第38章 文字列}{}% 319
\BOOKMARK [1][-]{section.38.1}{38.1 はじめに }{chapter.38}% 320
\BOOKMARK [1][-]{section.38.2}{38.2 基本ソース文字セット }{chapter.38}% 321
\BOOKMARK [1][-]{section.38.3}{38.3 基本実行文字セット }{chapter.38}% 322
\BOOKMARK [1][-]{section.38.4}{38.4 文字を表現する方法 }{chapter.38}% 323
\BOOKMARK [2][-]{subsection.38.4.1}{38.4.1 ASCII }{section.38.4}% 324
\BOOKMARK [2][-]{subsection.38.4.2}{38.4.2 Unicode }{section.38.4}% 325
\BOOKMARK [1][-]{section.38.5}{38.5 OS }{chapter.38}% 326
\BOOKMARK [1][-]{section.38.6}{38.6 リテラル }{chapter.38}% 327
\BOOKMARK [2][-]{subsection.38.6.1}{38.6.1 通常の文字リテラル }{section.38.6}% 328
\BOOKMARK [2][-]{subsection.38.6.2}{38.6.2 ユニバーサルキャラクター名 }{section.38.6}% 329
\BOOKMARK [2][-]{subsection.38.6.3}{38.6.3 通常の文字列リテラル }{section.38.6}% 330
\BOOKMARK [1][-]{section.38.7}{38.7 ワイド文字 }{chapter.38}% 331
\BOOKMARK [1][-]{section.38.8}{38.8 UTF–8/UTF–16/UTF–32 }{chapter.38}% 332
\BOOKMARK [1][-]{section.38.9}{38.9 生文字列リテラル }{chapter.38}% 333
\BOOKMARK [1][-]{section.38.10}{38.10 文字列の表現方法 }{chapter.38}% 334
\BOOKMARK [2][-]{subsection.38.10.1}{38.10.1 null終端文字列 }{section.38.10}% 335
\BOOKMARK [2][-]{subsection.38.10.2}{38.10.2 std::basic\137string }{section.38.10}% 336
\BOOKMARK [2][-]{subsection.38.10.3}{38.10.3 std::basic\137string\137view }{section.38.10}% 337
\BOOKMARK [1][-]{section.38.11}{38.11 文字列の操作 }{chapter.38}% 338
\BOOKMARK [2][-]{subsection.38.11.1}{38.11.1 null終端文字列の操作 }{section.38.11}% 339
\BOOKMARK [2][-]{subsection.38.11.2}{38.11.2 basic\137stringの操作 }{section.38.11}% 340
\BOOKMARK [2][-]{subsection.38.11.3}{38.11.3 basic\137string\137viewの操作 }{section.38.11}% 341
\BOOKMARK [0][-]{chapter.39}{第39章 乱数}{}% 342
\BOOKMARK [1][-]{section.39.1}{39.1 疑似乱数 }{chapter.39}% 343
\BOOKMARK [1][-]{section.39.2}{39.2 乱数エンジン }{chapter.39}% 344
\BOOKMARK [1][-]{section.39.3}{39.3 乱数分布 }{chapter.39}% 345
\BOOKMARK [1][-]{section.39.4}{39.4 シード }{chapter.39}% 346
\BOOKMARK [1][-]{section.39.5}{39.5 予測不可能な乱数 }{chapter.39}% 347
\BOOKMARK [1][-]{section.39.6}{39.6 十分なシード値の量 }{chapter.39}% 348
\BOOKMARK [1][-]{section.39.7}{39.7 乱数分布ライブラリ }{chapter.39}% 349
\BOOKMARK [1][-]{section.39.8}{39.8 分布クラス }{chapter.39}% 350
\BOOKMARK [1][-]{section.39.9}{39.9 一様分布\(Uniform Distribution\) }{chapter.39}% 351
\BOOKMARK [2][-]{subsection.39.9.1}{39.9.1 整数の一様分布\(std::uniform\137int\137distribution<IntType>\) }{section.39.9}% 352
\BOOKMARK [2][-]{subsection.39.9.2}{39.9.2 浮動小数点数の一様分布\(uniform\137real\137distribution<RealType>\) }{section.39.9}% 353
\BOOKMARK [1][-]{section.39.10}{39.10 ベルヌーイ分布\(Bernoulli distributions\) }{chapter.39}% 354
\BOOKMARK [2][-]{subsection.39.10.1}{39.10.1 ベルヌーイ試行 }{section.39.10}% 355
\BOOKMARK [2][-]{subsection.39.10.2}{39.10.2 ベルヌーイ分布\(std::bernoulli\137distribution\) }{section.39.10}% 356
\BOOKMARK [2][-]{subsection.39.10.3}{39.10.3 二項分布\(std::binomial\137distribution<IntType>\) }{section.39.10}% 357
\BOOKMARK [2][-]{subsection.39.10.4}{39.10.4 幾何分布\(std::geometric\137distribution\) }{section.39.10}% 358
\BOOKMARK [2][-]{subsection.39.10.5}{39.10.5 負の二項分布\(std::negative\137binomial\137distribution\) }{section.39.10}% 359
\BOOKMARK [1][-]{section.39.11}{39.11 ポアソン分布 }{chapter.39}% 360
\BOOKMARK [2][-]{subsection.39.11.1}{39.11.1 ポアソン分布\(poisson\137distribution\) }{section.39.11}% 361
\BOOKMARK [2][-]{subsection.39.11.2}{39.11.2 指数分布\(std::exponential\137distribution<RealType>\) }{section.39.11}% 362
\BOOKMARK [2][-]{subsection.39.11.3}{39.11.3 ガンマ分布\(std::gamma\137distribution<RealType>\) }{section.39.11}% 363
\BOOKMARK [2][-]{subsection.39.11.4}{39.11.4 ウェイブル分布\(std::weibull\137distribution<RealType>\) }{section.39.11}% 364
\BOOKMARK [1][-]{section.39.12}{39.12 極値分布\(std::extreme\137value\137distribution<RealType>\) }{chapter.39}% 365
\BOOKMARK [1][-]{section.39.13}{39.13 正規分布 }{chapter.39}% 366
\BOOKMARK [2][-]{subsection.39.13.1}{39.13.1 正規分布\(std::normal\137distribution<RealType>\) }{section.39.13}% 367
\BOOKMARK [2][-]{subsection.39.13.2}{39.13.2 対数正規分布\(std::lognormal\137distribution<RealType>\) }{section.39.13}% 368
\BOOKMARK [2][-]{subsection.39.13.3}{39.13.3 カイ二乗分布\(std::chi\137squared\137distribution<RealType>\) }{section.39.13}% 369
\BOOKMARK [2][-]{subsection.39.13.4}{39.13.4 コーシー分布\(std::cauchy\137distribution<RealType>\) }{section.39.13}% 370
\BOOKMARK [2][-]{subsection.39.13.5}{39.13.5 フィッシャーのF分布\(std::fisher\137f\137distribution<RealType>\) }{section.39.13}% 371
\BOOKMARK [2][-]{subsection.39.13.6}{39.13.6 スチューデントのt分布\(std::student\137t\137distribution<RealType>\) }{section.39.13}% 372
\BOOKMARK [1][-]{section.39.14}{39.14 サンプリング分布\(sampling distributions\) }{chapter.39}% 373
\BOOKMARK [2][-]{subsection.39.14.1}{39.14.1 離散分布\(std::discrete\137distribution<IntType>\) }{section.39.14}% 374
\BOOKMARK [2][-]{subsection.39.14.2}{39.14.2 区分定数分布\(std::piecewise\137constant\137distribution<RealType>\) }{section.39.14}% 375
\BOOKMARK [2][-]{subsection.39.14.3}{39.14.3 区分線形分布\(std::piecewise\137linear\137distribution<RealType>\) }{section.39.14}% 376
\BOOKMARK [0][-]{chapter.40}{第40章 Cプリプロセッサー}{}% 377
\BOOKMARK [1][-]{section.40.1}{40.1 \043includeディレクティブ }{chapter.40}% 378
\BOOKMARK [1][-]{section.40.2}{40.2 \043define }{chapter.40}% 379
\BOOKMARK [2][-]{subsection.40.2.1}{40.2.1 オブジェクト風マクロ }{section.40.2}% 380
\BOOKMARK [2][-]{subsection.40.2.2}{40.2.2 関数風マクロ }{section.40.2}% 381
\BOOKMARK [2][-]{subsection.40.2.3}{40.2.3 \137\137VA\137ARGS\137\137 \(可変長引数マクロ\) }{section.40.2}% 382
\BOOKMARK [2][-]{subsection.40.2.4}{40.2.4 \137\137VA\137OPT\137\137 }{section.40.2}% 383
\BOOKMARK [2][-]{subsection.40.2.5}{40.2.5 \043演算子 }{section.40.2}% 384
\BOOKMARK [2][-]{subsection.40.2.6}{40.2.6 \043\043演算子 }{section.40.2}% 385
\BOOKMARK [2][-]{subsection.40.2.7}{40.2.7 複数行の置換リスト }{section.40.2}% 386
\BOOKMARK [2][-]{subsection.40.2.8}{40.2.8 \043undefディレクティブ }{section.40.2}% 387
\BOOKMARK [1][-]{section.40.3}{40.3 条件付きソースファイル選択 }{chapter.40}% 388
\BOOKMARK [2][-]{subsection.40.3.1}{40.3.1 プリプロセッサーの定数式 }{section.40.3}% 389
\BOOKMARK [2][-]{subsection.40.3.2}{40.3.2 \043ifディレクティブ }{section.40.3}% 390
\BOOKMARK [2][-]{subsection.40.3.3}{40.3.3 \043elifディレクティブ }{section.40.3}% 391
\BOOKMARK [2][-]{subsection.40.3.4}{40.3.4 \043elseディレクティブ }{section.40.3}% 392
\BOOKMARK [2][-]{subsection.40.3.5}{40.3.5 \043ifdef, \043ifndefディレクティブ }{section.40.3}% 393
\BOOKMARK [1][-]{section.40.4}{40.4 \043lineディレクティブ }{chapter.40}% 394
\BOOKMARK [1][-]{section.40.5}{40.5 \043errorディレクティブ }{chapter.40}% 395
\BOOKMARK [1][-]{section.40.6}{40.6 \043pragma }{chapter.40}% 396
\BOOKMARK [1][-]{section.40.7}{40.7 Nullディレクティブ }{chapter.40}% 397
\BOOKMARK [1][-]{section.40.8}{40.8 定義済みマクロ名 }{chapter.40}% 398
\BOOKMARK [0][-]{chapter.41}{第41章 分割コンパイル}{}% 399
\BOOKMARK [1][-]{subsection.41.0.1}{41.0.1 ソースファイルとコンパイル }{chapter.41}% 400
\BOOKMARK [2][-]{subsection.41.0.2}{41.0.2 単一のソースファイルのコンパイル }{subsection.41.0.1}% 401
\BOOKMARK [2][-]{subsection.41.0.3}{41.0.3 ヘッダーファイルはコピペ }{subsection.41.0.1}% 402
\BOOKMARK [2][-]{subsection.41.0.4}{41.0.4 複数のソースファイルのコンパイル }{subsection.41.0.1}% 403
\BOOKMARK [1][-]{section.41.1}{41.1 オブジェクトファイル }{chapter.41}% 404
\BOOKMARK [1][-]{section.41.2}{41.2 複数のソースファイルの書き方 }{chapter.41}% 405
\BOOKMARK [2][-]{subsection.41.2.1}{41.2.1 関数 }{section.41.2}% 406
\BOOKMARK [2][-]{subsection.41.2.2}{41.2.2 変数 }{section.41.2}% 407
\BOOKMARK [2][-]{subsection.41.2.3}{41.2.3 インライン関数/インライン変数 }{section.41.2}% 408
\BOOKMARK [2][-]{subsection.41.2.4}{41.2.4 クラス }{section.41.2}% 409
\BOOKMARK [2][-]{subsection.41.2.5}{41.2.5 テンプレート }{section.41.2}% 410
\BOOKMARK [0][-]{chapter.42}{第42章 デバッガー}{}% 411
\BOOKMARK [1][-]{section.42.1}{42.1 GDBのチュートリアル }{chapter.42}% 412
\BOOKMARK [1][-]{section.42.2}{42.2 プログラムの実行 }{chapter.42}% 413
\BOOKMARK [1][-]{section.42.3}{42.3 プログラムの停止方法 }{chapter.42}% 414
\BOOKMARK [2][-]{subsection.42.3.1}{42.3.1 ブレイクポイント }{section.42.3}% 415
\BOOKMARK [2][-]{subsection.42.3.2}{42.3.2 条件付きブレイクポイント }{section.42.3}% 416
\BOOKMARK [1][-]{section.42.4}{42.4 プログラムの実行再開とステップ実行 }{chapter.42}% 417
\BOOKMARK [2][-]{subsection.42.4.1}{42.4.1 実行再開\(continue\) }{section.42.4}% 418
\BOOKMARK [2][-]{subsection.42.4.2}{42.4.2 ステップ実行\(step\) }{section.42.4}% 419
\BOOKMARK [2][-]{subsection.42.4.3}{42.4.3 ネクスト実行\(next\) }{section.42.4}% 420
\BOOKMARK [2][-]{subsection.42.4.4}{42.4.4 関数から抜けるまで実行\(finish\) }{section.42.4}% 421
\BOOKMARK [1][-]{section.42.5}{42.5 バックトレース }{chapter.42}% 422
\BOOKMARK [1][-]{section.42.6}{42.6 変数の値を確認 }{chapter.42}% 423
\BOOKMARK [1][-]{section.42.7}{42.7 シグナルによるプログラムの中断 }{chapter.42}% 424
\BOOKMARK [1][-]{section.42.8}{42.8 コアダンプを使ったプログラムの状態の確認 }{chapter.42}% 425
\BOOKMARK [0][-]{lstnumber.-1998.10}{索引}{}% 426
\BOOKMARK [0][-]{section*.58}{著者プロフィール}{}% 427
